<?xml version="1.0" encoding="UTF-8"?>
<!-- Generated by org.testng.reporters.JUnitReportReporter -->
<testsuite hostname="DESKTOP-O795BLK" name="firstProject.project1TestNG" tests="1" failures="0" timestamp="11 Nov 2020 03:54:25 GMT" time="437.683" errors="0">
  <testcase name="actionPage" time="437.683" classname="firstProject.project1TestNG"/>
</testsuite> <!-- firstProject.project1TestNG -->
