<?xml version="1.0" encoding="UTF-8"?>
<!-- Generated by org.testng.reporters.JUnitReportReporter -->
<testsuite hostname="DESKTOP-O795BLK" name="firstProject.project2TestNG" tests="1" failures="0" timestamp="11 Nov 2020 06:05:35 GMT" time="671.238" errors="0">
  <testcase name="actionPage" time="671.238" classname="firstProject.project2TestNG"/>
</testsuite> <!-- firstProject.project2TestNG -->
